driver/build/outputs/logs/manifest-merger-release-report.txt
-- Merging decision tree log ---
manifest
ADDED from src/main/AndroidManifest.xml:2:1-74:12
INJECTED from src/main/AndroidManifest.xml:2:1-74:12
INJECTED from src/main/AndroidManifest.xml:2:1-74:12
INJECTED from src/main/AndroidManifest.xml:2:1-74:12
MERGED from [:common] AndroidManifest.xml:2:1-32:12
MERGED from [com.android.databinding:adapters:3.1.3] AndroidManifest.xml:17:1-24:12
MERGED from [com.android.databinding:library:3.1.3] AndroidManifest.xml:17:1-24:12
MERGED from [com.crashlytics.sdk.android:crashlytics:2.9.1] AndroidManifest.xml:2:1-19:12
MERGED from [com.diogobernardino:williamchart:2.5.0] AndroidManifest.xml:2:1-10:12
MERGED from [com.google.firebase:firebase-core:15.0.0] AndroidManifest.xml:2:1-9:12
MERGED from [com.android.support:multidex:1.0.3] AndroidManifest.xml:17:1-22:12
MERGED from [com.google.maps.android:android-maps-utils:0.5] AndroidManifest.xml:2:1-13:12
MERGED from [com.firebaseui:firebase-ui:3.3.1] AndroidManifest.xml:2:1-15:12
MERGED from [com.firebaseui:firebase-ui-auth:3.3.1] AndroidManifest.xml:2:1-93:12
MERGED from [com.google.firebase:firebase-auth:15.0.0] AndroidManifest.xml:17:1-32:12
MERGED from [com.google.android.gms:play-services-maps:15.0.0] AndroidManifest.xml:17:1-32:12
MERGED from [com.google.android.gms:play-services-location:15.0.0] AndroidManifest.xml:2:1-9:12
MERGED from [com.android.support:design:27.1.0] AndroidManifest.xml:17:1-22:12
MERGED from [com.android.support:preference-v14:27.1.0] AndroidManifest.xml:17:1-22:12
MERGED from [de.psdev.licensesdialog:licensesdialog:1.8.3] AndroidManifest.xml:16:6-20:12
MERGED from [com.google.android.gms:play-services-wallet:15.0.0] AndroidManifest.xml:17:1-22:12
MERGED from [com.google.android.gms:play-services-flags:15.0.1] AndroidManifest.xml:17:1-22:12
MERGED from [com.google.android.gms:play-services-identity:15.0.1] AndroidManifest.xml:17:1-24:12
MERGED from [com.google.android.gms:play-services-auth:15.0.0] AndroidManifest.xml:17:1-39:12
MERGED from [com.google.android.gms:play-services-auth-api-phone:15.0.1] AndroidManifest.xml:2:1-7:12
MERGED from [com.google.android.gms:play-services-auth-base:15.0.0] AndroidManifest.xml:2:1-7:12
MERGED from [com.firebaseui:firebase-ui-firestore:3.3.1] AndroidManifest.xml:2:1-13:12
MERGED from [com.google.firebase:firebase-firestore:15.0.0] AndroidManifest.xml:2:1-8:12
MERGED from [com.firebaseui:firebase-ui-storage:3.3.1] AndroidManifest.xml:2:1-11:12
MERGED from [com.google.firebase:firebase-storage:15.0.0] AndroidManifest.xml:2:1-8:12
MERGED from [com.firebaseui:firebase-ui-database:3.3.1] AndroidManifest.xml:2:1-13:12
MERGED from [com.google.firebase:firebase-database:15.0.0] AndroidManifest.xml:2:1-8:12
MERGED from [com.google.firebase:firebase-database-connection:15.0.0] AndroidManifest.xml:2:1-8:12
MERGED from [com.google.firebase:firebase-analytics:15.0.2] AndroidManifest.xml:17:1-55:12
MERGED from [com.google.firebase:firebase-analytics-impl:15.0.2] AndroidManifest.xml:17:1-41:12
MERGED from [com.google.firebase:firebase-iid:15.1.0] AndroidManifest.xml:17:1-65:12
MERGED from [com.google.firebase:firebase-iid-interop:15.0.0] AndroidManifest.xml:2:1-10:12
MERGED from [com.google.android.gms:play-services-base:15.0.1] AndroidManifest.xml:17:1-29:12
MERGED from [com.google.firebase:firebase-common:15.0.1] AndroidManifest.xml:2:1-15:12
MERGED from [com.google.android.gms:play-services-tasks:15.0.1] AndroidManifest.xml:2:1-9:12
MERGED from [com.google.android.gms:play-services-places-placereport:15.0.1] AndroidManifest.xml:17:1-24:12
MERGED from [com.google.android.gms:play-services-stats:15.0.1] AndroidManifest.xml:2:1-9:12
MERGED from [com.google.android.gms:play-services-ads-identifier:15.0.1] AndroidManifest.xml:17:1-24:12
MERGED from [com.google.firebase:firebase-database-collection:15.0.1] AndroidManifest.xml:2:1-8:12
MERGED from [com.google.firebase:firebase-storage-common:15.0.0] AndroidManifest.xml:2:1-8:12
MERGED from [com.google.android.gms:play-services-basement:15.0.1] AndroidManifest.xml:17:1-28:12
MERGED from [com.github.kizitonwose.colorpreference:support:1.0.3] AndroidManifest.xml:2:1-17:12
MERGED from [com.android.support:preference-v7:27.1.0] AndroidManifest.xml:17:1-22:12
MERGED from [com.android.support:support-v4:27.1.0] AndroidManifest.xml:17:1-22:12
MERGED from [com.github.sharish:CreditCardView:v1.0.4] AndroidManifest.xml:2:1-17:12
MERGED from [com.android.support:cardview-v7:27.1.0] AndroidManifest.xml:17:1-22:12
MERGED from [com.github.medyo:android-about-page:1.2.1] AndroidManifest.xml:2:1-12:12
MERGED from [com.github.yalantis:ucrop:2.2.1] AndroidManifest.xml:2:1-12:12
MERGED from [com.github.esafirm.android-image-picker:imagepicker:1.12.0] AndroidManifest.xml:2:1-32:12
MERGED from [gun0912.ted:tedpermission:2.0.3] AndroidManifest.xml:2:1-17:12
MERGED from [com.afollestad.material-dialogs:core:0.9.6.0] AndroidManifest.xml:2:1-15:12
MERGED from [com.github.MAXDeliveryNG:slideview:1.1.0] AndroidManifest.xml:2:1-14:12
MERGED from [com.github.kizitonwose.colorpreference:core:1.0.3] AndroidManifest.xml:2:1-17:12
MERGED from [me.zhanghai.android.materialprogressbar:library:1.4.2] AndroidManifest.xml:6:1-16:12
MERGED from [com.android.support:customtabs:27.1.0] AndroidManifest.xml:17:1-22:12
MERGED from [com.android.support:appcompat-v7:27.1.0] AndroidManifest.xml:17:1-22:12
MERGED from [com.android.support:animated-vector-drawable:27.1.0] AndroidManifest.xml:17:1-22:12
MERGED from [com.android.support:support-vector-drawable:27.1.0] AndroidManifest.xml:17:1-22:12
MERGED from [com.stripe:stripe-android:1.0.4] AndroidManifest.xml:2:1-11:12
MERGED from [com.android.support.constraint:constraint-layout:1.1.0] AndroidManifest.xml:2:1-11:12
MERGED from [com.weiwangcn.betterspinner:library-material:1.1.0] AndroidManifest.xml:2:1-16:12
MERGED from [de.hdodenhof:circleimageview:2.2.0] AndroidManifest.xml:2:1-11:12
MERGED from [com.github.bumptech.glide:glide:4.6.1] AndroidManifest.xml:2:1-13:12
MERGED from [com.ramotion.foldingcell:folding-cell:1.2.1] AndroidManifest.xml:2:1-12:12
MERGED from [se.emilsjolander:stickylistheaders:2.7.0] AndroidManifest.xml:2:1-11:12
MERGED from [com.tapadoo.android:alerter:2.0.4] AndroidManifest.xml:2:1-20:12
MERGED from [com.andkulikov:transitionseverywhere:1.7.8] AndroidManifest.xml:2:1-14:12
MERGED from [com.android.volley:volley:1.1.1] AndroidManifest.xml:2:1-11:12
MERGED from [com.crashlytics.sdk.android:beta:1.2.7] AndroidManifest.xml:2:1-13:12
MERGED from [com.crashlytics.sdk.android:crashlytics-core:2.6.1] AndroidManifest.xml:45:1-56:12
MERGED from [com.crashlytics.sdk.android:answers:1.4.1] AndroidManifest.xml:2:1-13:12
MERGED from [io.fabric.sdk.android:fabric:1.4.2] AndroidManifest.xml:22:1-33:12
MERGED from [com.android.support:transition:27.1.0] AndroidManifest.xml:17:1-22:12
MERGED from [com.rengwuxian.materialedittext:library:2.0.3] AndroidManifest.xml:2:1-10:12
MERGED from [com.firebaseui:firebase-ui-common:3.3.1] AndroidManifest.xml:2:1-11:12
MERGED from [com.android.support:recyclerview-v7:27.1.0] AndroidManifest.xml:17:1-22:12
MERGED from [android.arch.lifecycle:extensions:1.1.0] AndroidManifest.xml:17:1-30:12
MERGED from [com.android.support:support-fragment:27.1.0] AndroidManifest.xml:17:1-22:12
MERGED from [com.android.support:support-core-ui:27.1.0] AndroidManifest.xml:17:1-22:12
MERGED from [android.arch.lifecycle:livedata:1.1.0] AndroidManifest.xml:17:1-22:12
MERGED from [android.arch.lifecycle:livedata-core:1.1.0] AndroidManifest.xml:17:1-22:12
MERGED from [android.arch.core:runtime:1.1.0] AndroidManifest.xml:17:1-22:12
MERGED from [com.android.support:support-media-compat:27.1.0] AndroidManifest.xml:17:1-22:12
MERGED from [com.android.support:support-core-utils:27.1.0] AndroidManifest.xml:17:1-22:12
MERGED from [com.android.support:support-compat:27.1.0] AndroidManifest.xml:17:1-22:12
MERGED from [android.arch.lifecycle:runtime:1.1.0] AndroidManifest.xml:17:1-22:12
MERGED from [android.arch.lifecycle:viewmodel:1.1.0] AndroidManifest.xml:17:1-22:12
MERGED from [com.github.bumptech.glide:gifdecoder:4.6.1] AndroidManifest.xml:2:1-11:12
MERGED from [com.github.ozodrukh:CircularReveal:1.0.5] AndroidManifest.xml:2:1-12:12
MERGED from [com.google.android.gms:play-services-measurement-base:15.0.2] AndroidManifest.xml:17:1-24:12
INJECTED from src/main/AndroidManifest.xml:2:1-74:12
INJECTED from src/main/AndroidManifest.xml:2:1-74:12
INJECTED from src/main/AndroidManifest.xml:2:1-74:12
	package
		ADDED from src/main/AndroidManifest.xml:4:5-36
		INJECTED from src/main/AndroidManifest.xml
		INJECTED from src/main/AndroidManifest.xml
	android:versionName
		INJECTED from src/main/AndroidManifest.xml
		ADDED from src/main/AndroidManifest.xml:2:1-74:12
		INJECTED from src/main/AndroidManifest.xml
	xmlns:tools
		ADDED from src/main/AndroidManifest.xml:3:5-51
	android:hardwareAccelerated
		ADDED from src/main/AndroidManifest.xml:5:5-39
	android:versionCode
		INJECTED from src/main/AndroidManifest.xml
		ADDED from src/main/AndroidManifest.xml:2:1-74:12
		INJECTED from src/main/AndroidManifest.xml
	xmlns:android
		ADDED from src/main/AndroidManifest.xml:2:11-69
uses-permission#android.permission.ACCESS_FINE_LOCATION
ADDED from src/main/AndroidManifest.xml:7:5-79
MERGED from [:common] AndroidManifest.xml:11:5-79
MERGED from [:common] AndroidManifest.xml:11:5-79
	android:name
		ADDED from src/main/AndroidManifest.xml:7:22-76
uses-permission#android.permission.ACCESS_COARSE_LOCATION
ADDED from src/main/AndroidManifest.xml:8:5-81
MERGED from [:common] AndroidManifest.xml:12:5-81
MERGED from [:common] AndroidManifest.xml:12:5-81
	android:name
		ADDED from src/main/AndroidManifest.xml:8:22-78
uses-permission#com.javapapers.currentlocationinmap.permission.MAPS_RECEIVE
ADDED from src/main/AndroidManifest.xml:9:5-99
	android:name
		ADDED from src/main/AndroidManifest.xml:9:22-96
uses-permission#com.google.android.providers.gsf.permission.READ_GSERVICES
ADDED from src/main/AndroidManifest.xml:10:5-98
	android:name
		ADDED from src/main/AndroidManifest.xml:10:22-95
uses-permission#android.permission.INTERNET
ADDED from src/main/AndroidManifest.xml:11:5-67
MERGED from [com.crashlytics.sdk.android:crashlytics:2.9.1] AndroidManifest.xml:9:5-67
MERGED from [com.crashlytics.sdk.android:crashlytics:2.9.1] AndroidManifest.xml:9:5-67
MERGED from [com.firebaseui:firebase-ui:3.3.1] AndroidManifest.xml:11:5-67
MERGED from [com.firebaseui:firebase-ui:3.3.1] AndroidManifest.xml:11:5-67
MERGED from [com.firebaseui:firebase-ui-auth:3.3.1] AndroidManifest.xml:13:5-67
MERGED from [com.firebaseui:firebase-ui-auth:3.3.1] AndroidManifest.xml:13:5-67
MERGED from [com.google.android.gms:play-services-maps:15.0.0] AndroidManifest.xml:24:5-67
MERGED from [com.google.android.gms:play-services-maps:15.0.0] AndroidManifest.xml:24:5-67
MERGED from [com.firebaseui:firebase-ui-firestore:3.3.1] AndroidManifest.xml:11:5-67
MERGED from [com.firebaseui:firebase-ui-firestore:3.3.1] AndroidManifest.xml:11:5-67
MERGED from [com.firebaseui:firebase-ui-database:3.3.1] AndroidManifest.xml:11:5-67
MERGED from [com.firebaseui:firebase-ui-database:3.3.1] AndroidManifest.xml:11:5-67
MERGED from [com.google.firebase:firebase-analytics:15.0.2] AndroidManifest.xml:23:5-67
MERGED from [com.google.firebase:firebase-analytics:15.0.2] AndroidManifest.xml:23:5-67
MERGED from [com.google.firebase:firebase-analytics-impl:15.0.2] AndroidManifest.xml:23:5-67
MERGED from [com.google.firebase:firebase-analytics-impl:15.0.2] AndroidManifest.xml:23:5-67
MERGED from [com.google.firebase:firebase-iid:15.1.0] AndroidManifest.xml:23:5-67
MERGED from [com.google.firebase:firebase-iid:15.1.0] AndroidManifest.xml:23:5-67
MERGED from [com.crashlytics.sdk.android:beta:1.2.7] AndroidManifest.xml:9:5-67
MERGED from [com.crashlytics.sdk.android:beta:1.2.7] AndroidManifest.xml:9:5-67
MERGED from [com.crashlytics.sdk.android:crashlytics-core:2.6.1] AndroidManifest.xml:52:5-67
MERGED from [com.crashlytics.sdk.android:crashlytics-core:2.6.1] AndroidManifest.xml:52:5-67
MERGED from [com.crashlytics.sdk.android:answers:1.4.1] AndroidManifest.xml:9:5-67
MERGED from [com.crashlytics.sdk.android:answers:1.4.1] AndroidManifest.xml:9:5-67
MERGED from [io.fabric.sdk.android:fabric:1.4.2] AndroidManifest.xml:29:5-67
MERGED from [io.fabric.sdk.android:fabric:1.4.2] AndroidManifest.xml:29:5-67
	android:name
		ADDED from src/main/AndroidManifest.xml:11:22-64
uses-permission#android.permission.VIBRATE
ADDED from src/main/AndroidManifest.xml:12:5-66
	android:name
		ADDED from src/main/AndroidManifest.xml:12:22-63
uses-permission#android.permission.WRITE_EXTERNAL_STORAGE
ADDED from src/main/AndroidManifest.xml:14:5-80
MERGED from [:common] AndroidManifest.xml:15:5-81
MERGED from [:common] AndroidManifest.xml:15:5-81
MERGED from [com.github.esafirm.android-image-picker:imagepicker:1.12.0] AndroidManifest.xml:12:5-81
MERGED from [com.github.esafirm.android-image-picker:imagepicker:1.12.0] AndroidManifest.xml:12:5-81
	android:name
		ADDED from src/main/AndroidManifest.xml:14:22-78
uses-permission#android.permission.CALL_PHONE
ADDED from src/main/AndroidManifest.xml:15:5-69
	android:name
		ADDED from src/main/AndroidManifest.xml:15:22-66
uses-permission#android.permission.SEND_SMS
ADDED from src/main/AndroidManifest.xml:16:5-66
	android:name
		ADDED from src/main/AndroidManifest.xml:16:22-64
uses-permission#android.permission.RECEIVE_SMS
ADDED from src/main/AndroidManifest.xml:17:5-69
	android:name
		ADDED from src/main/AndroidManifest.xml:17:22-67
uses-permission#com.huawei.android.launcher.permission.WRITE_SETTINGS
ADDED from src/main/AndroidManifest.xml:18:5-93
	android:name
		ADDED from src/main/AndroidManifest.xml:18:22-90
uses-permission#android.permission.ACCESS_NETWORK_STATE
ADDED from src/main/AndroidManifest.xml:19:5-79
MERGED from [:common] AndroidManifest.xml:13:5-79
MERGED from [:common] AndroidManifest.xml:13:5-79
MERGED from [com.firebaseui:firebase-ui-auth:3.3.1] AndroidManifest.xml:12:5-79
MERGED from [com.firebaseui:firebase-ui-auth:3.3.1] AndroidManifest.xml:12:5-79
MERGED from [com.google.android.gms:play-services-maps:15.0.0] AndroidManifest.xml:23:5-79
MERGED from [com.google.android.gms:play-services-maps:15.0.0] AndroidManifest.xml:23:5-79
MERGED from [com.google.firebase:firebase-analytics:15.0.2] AndroidManifest.xml:24:5-79
MERGED from [com.google.firebase:firebase-analytics:15.0.2] AndroidManifest.xml:24:5-79
MERGED from [com.google.firebase:firebase-analytics-impl:15.0.2] AndroidManifest.xml:24:5-79
MERGED from [com.google.firebase:firebase-analytics-impl:15.0.2] AndroidManifest.xml:24:5-79
MERGED from [com.google.firebase:firebase-iid:15.1.0] AndroidManifest.xml:22:5-79
MERGED from [com.google.firebase:firebase-iid:15.1.0] AndroidManifest.xml:22:5-79
	android:name
		ADDED from src/main/AndroidManifest.xml:19:22-76
application
ADDED from src/main/AndroidManifest.xml:21:5-72:19
MERGED from [:common] AndroidManifest.xml:17:5-30:19
MERGED from [:common] AndroidManifest.xml:17:5-30:19
MERGED from [com.crashlytics.sdk.android:crashlytics:2.9.1] AndroidManifest.xml:11:5-17:19
MERGED from [com.crashlytics.sdk.android:crashlytics:2.9.1] AndroidManifest.xml:11:5-17:19
MERGED from [com.google.firebase:firebase-core:15.0.0] AndroidManifest.xml:7:5-20
MERGED from [com.google.firebase:firebase-core:15.0.0] AndroidManifest.xml:7:5-20
MERGED from [com.google.maps.android:android-maps-utils:0.5] AndroidManifest.xml:7:5-11:19
MERGED from [com.google.maps.android:android-maps-utils:0.5] AndroidManifest.xml:7:5-11:19
MERGED from [com.firebaseui:firebase-ui:3.3.1] AndroidManifest.xml:13:5-47
MERGED from [com.firebaseui:firebase-ui:3.3.1] AndroidManifest.xml:13:5-47
MERGED from [com.firebaseui:firebase-ui-auth:3.3.1] AndroidManifest.xml:15:5-91:19
MERGED from [com.firebaseui:firebase-ui-auth:3.3.1] AndroidManifest.xml:15:5-91:19
MERGED from [com.google.firebase:firebase-auth:15.0.0] AndroidManifest.xml:22:5-30:19
MERGED from [com.google.firebase:firebase-auth:15.0.0] AndroidManifest.xml:22:5-30:19
MERGED from [com.google.android.gms:play-services-maps:15.0.0] AndroidManifest.xml:30:5-20
MERGED from [com.google.android.gms:play-services-maps:15.0.0] AndroidManifest.xml:30:5-20
MERGED from [com.google.android.gms:play-services-location:15.0.0] AndroidManifest.xml:7:5-20
MERGED from [com.google.android.gms:play-services-location:15.0.0] AndroidManifest.xml:7:5-20
MERGED from [de.psdev.licensesdialog:licensesdialog:1.8.3] AndroidManifest.xml:19:5-19
MERGED from [de.psdev.licensesdialog:licensesdialog:1.8.3] AndroidManifest.xml:19:5-19
MERGED from [com.google.android.gms:play-services-identity:15.0.1] AndroidManifest.xml:22:5-20
MERGED from [com.google.android.gms:play-services-identity:15.0.1] AndroidManifest.xml:22:5-20
MERGED from [com.google.android.gms:play-services-auth:15.0.0] AndroidManifest.xml:22:5-37:19
MERGED from [com.google.android.gms:play-services-auth:15.0.0] AndroidManifest.xml:22:5-37:19
MERGED from [com.google.firebase:firebase-analytics:15.0.2] AndroidManifest.xml:28:5-53:19
MERGED from [com.google.firebase:firebase-analytics:15.0.2] AndroidManifest.xml:28:5-53:19
MERGED from [com.google.firebase:firebase-analytics-impl:15.0.2] AndroidManifest.xml:28:5-39:19
MERGED from [com.google.firebase:firebase-analytics-impl:15.0.2] AndroidManifest.xml:28:5-39:19
MERGED from [com.google.firebase:firebase-iid:15.1.0] AndroidManifest.xml:34:5-63:19
MERGED from [com.google.firebase:firebase-iid:15.1.0] AndroidManifest.xml:34:5-63:19
MERGED from [com.google.firebase:firebase-iid-interop:15.0.0] AndroidManifest.xml:7:5-8:19
MERGED from [com.google.firebase:firebase-iid-interop:15.0.0] AndroidManifest.xml:7:5-8:19
MERGED from [com.google.android.gms:play-services-base:15.0.1] AndroidManifest.xml:22:5-27:19
MERGED from [com.google.android.gms:play-services-base:15.0.1] AndroidManifest.xml:22:5-27:19
MERGED from [com.google.firebase:firebase-common:15.0.1] AndroidManifest.xml:7:5-13:19
MERGED from [com.google.firebase:firebase-common:15.0.1] AndroidManifest.xml:7:5-13:19
MERGED from [com.google.android.gms:play-services-tasks:15.0.1] AndroidManifest.xml:7:5-20
MERGED from [com.google.android.gms:play-services-tasks:15.0.1] AndroidManifest.xml:7:5-20
MERGED from [com.google.android.gms:play-services-places-placereport:15.0.1] AndroidManifest.xml:22:5-20
MERGED from [com.google.android.gms:play-services-places-placereport:15.0.1] AndroidManifest.xml:22:5-20
MERGED from [com.google.android.gms:play-services-stats:15.0.1] AndroidManifest.xml:7:5-20
MERGED from [com.google.android.gms:play-services-stats:15.0.1] AndroidManifest.xml:7:5-20
MERGED from [com.google.android.gms:play-services-ads-identifier:15.0.1] AndroidManifest.xml:22:5-20
MERGED from [com.google.android.gms:play-services-ads-identifier:15.0.1] AndroidManifest.xml:22:5-20
MERGED from [com.google.android.gms:play-services-basement:15.0.1] AndroidManifest.xml:22:5-26:19
MERGED from [com.google.android.gms:play-services-basement:15.0.1] AndroidManifest.xml:22:5-26:19
MERGED from [com.github.kizitonwose.colorpreference:support:1.0.3] AndroidManifest.xml:11:5-15:19
MERGED from [com.github.kizitonwose.colorpreference:support:1.0.3] AndroidManifest.xml:11:5-15:19
MERGED from [com.github.sharish:CreditCardView:v1.0.4] AndroidManifest.xml:11:5-15:19
MERGED from [com.github.sharish:CreditCardView:v1.0.4] AndroidManifest.xml:11:5-15:19
MERGED from [com.github.esafirm.android-image-picker:imagepicker:1.12.0] AndroidManifest.xml:15:5-30:19
MERGED from [com.github.esafirm.android-image-picker:imagepicker:1.12.0] AndroidManifest.xml:15:5-30:19
MERGED from [gun0912.ted:tedpermission:2.0.3] AndroidManifest.xml:9:5-15:19
MERGED from [gun0912.ted:tedpermission:2.0.3] AndroidManifest.xml:9:5-15:19
MERGED from [com.afollestad.material-dialogs:core:0.9.6.0] AndroidManifest.xml:13:5-20
MERGED from [com.afollestad.material-dialogs:core:0.9.6.0] AndroidManifest.xml:13:5-20
MERGED from [com.github.MAXDeliveryNG:slideview:1.1.0] AndroidManifest.xml:12:5-20
MERGED from [com.github.MAXDeliveryNG:slideview:1.1.0] AndroidManifest.xml:12:5-20
MERGED from [com.github.kizitonwose.colorpreference:core:1.0.3] AndroidManifest.xml:11:5-15:19
MERGED from [com.github.kizitonwose.colorpreference:core:1.0.3] AndroidManifest.xml:11:5-15:19
MERGED from [com.android.support.constraint:constraint-layout:1.1.0] AndroidManifest.xml:9:5-20
MERGED from [com.android.support.constraint:constraint-layout:1.1.0] AndroidManifest.xml:9:5-20
MERGED from [com.weiwangcn.betterspinner:library-material:1.1.0] AndroidManifest.xml:11:5-14:19
MERGED from [com.weiwangcn.betterspinner:library-material:1.1.0] AndroidManifest.xml:11:5-14:19
MERGED from [de.hdodenhof:circleimageview:2.2.0] AndroidManifest.xml:9:5-20
MERGED from [de.hdodenhof:circleimageview:2.2.0] AndroidManifest.xml:9:5-20
MERGED from [com.github.bumptech.glide:glide:4.6.1] AndroidManifest.xml:11:5-20
MERGED from [com.github.bumptech.glide:glide:4.6.1] AndroidManifest.xml:11:5-20
MERGED from [com.tapadoo.android:alerter:2.0.4] AndroidManifest.xml:12:5-18:19
MERGED from [com.tapadoo.android:alerter:2.0.4] AndroidManifest.xml:12:5-18:19
MERGED from [com.andkulikov:transitionseverywhere:1.7.8] AndroidManifest.xml:12:5-20
MERGED from [com.andkulikov:transitionseverywhere:1.7.8] AndroidManifest.xml:12:5-20
MERGED from [com.android.volley:volley:1.1.1] AndroidManifest.xml:9:5-20
MERGED from [com.android.volley:volley:1.1.1] AndroidManifest.xml:9:5-20
MERGED from [com.crashlytics.sdk.android:beta:1.2.7] AndroidManifest.xml:11:5-20
MERGED from [com.crashlytics.sdk.android:beta:1.2.7] AndroidManifest.xml:11:5-20
MERGED from [com.crashlytics.sdk.android:crashlytics-core:2.6.1] AndroidManifest.xml:54:5-20
MERGED from [com.crashlytics.sdk.android:crashlytics-core:2.6.1] AndroidManifest.xml:54:5-20
MERGED from [com.crashlytics.sdk.android:answers:1.4.1] AndroidManifest.xml:11:5-20
MERGED from [com.crashlytics.sdk.android:answers:1.4.1] AndroidManifest.xml:11:5-20
MERGED from [io.fabric.sdk.android:fabric:1.4.2] AndroidManifest.xml:31:5-20
MERGED from [io.fabric.sdk.android:fabric:1.4.2] AndroidManifest.xml:31:5-20
MERGED from [android.arch.lifecycle:extensions:1.1.0] AndroidManifest.xml:22:5-28:19
MERGED from [android.arch.lifecycle:extensions:1.1.0] AndroidManifest.xml:22:5-28:19
MERGED from [com.github.bumptech.glide:gifdecoder:4.6.1] AndroidManifest.xml:9:5-20
MERGED from [com.github.bumptech.glide:gifdecoder:4.6.1] AndroidManifest.xml:9:5-20
MERGED from [com.github.ozodrukh:CircularReveal:1.0.5] AndroidManifest.xml:10:5-20
MERGED from [com.github.ozodrukh:CircularReveal:1.0.5] AndroidManifest.xml:10:5-20
MERGED from [com.google.android.gms:play-services-measurement-base:15.0.2] AndroidManifest.xml:22:5-20
MERGED from [com.google.android.gms:play-services-measurement-base:15.0.2] AndroidManifest.xml:22:5-20
	android:supportsRtl
		ADDED from src/main/AndroidManifest.xml:30:9-35
	android:label
		ADDED from src/main/AndroidManifest.xml:26:9-48
		REJECTED from [com.github.kizitonwose.colorpreference:support:1.0.3] AndroidManifest.xml:13:9-41
		REJECTED from [com.github.sharish:CreditCardView:v1.0.4] AndroidManifest.xml:13:9-41
		REJECTED from [com.github.kizitonwose.colorpreference:core:1.0.3] AndroidManifest.xml:13:9-41
		REJECTED from [com.weiwangcn.betterspinner:library-material:1.1.0] AndroidManifest.xml:13:9-41
	android:hardwareAccelerated
		ADDED from src/main/AndroidManifest.xml:28:9-44
	android:fullBackupContent
		ADDED from src/main/AndroidManifest.xml:24:9-41
	android:largeHeap
		ADDED from src/main/AndroidManifest.xml:29:9-33
	android:icon
		ADDED from src/main/AndroidManifest.xml:25:9-39
	android:allowBackup
		ADDED from src/main/AndroidManifest.xml:23:9-35
	tools:replace
		ADDED from src/main/AndroidManifest.xml:27:9-38
	android:name
		ADDED from src/main/AndroidManifest.xml:22:9-63
meta-data#com.google.android.geo.API_KEY
ADDED from src/main/AndroidManifest.xml:32:9-34:55
	android:value
		ADDED from src/main/AndroidManifest.xml:34:13-52
	android:name
		ADDED from src/main/AndroidManifest.xml:33:13-58
meta-data#io.fabric.ApiKey
ADDED from src/main/AndroidManifest.xml:35:9-38:72
	tools:replace
		ADDED from src/main/AndroidManifest.xml:37:13-42
	android:value
		ADDED from src/main/AndroidManifest.xml:38:13-69
	android:name
		ADDED from src/main/AndroidManifest.xml:36:13-44
meta-data#com.google.android.gms.maps.API_OPTIONS
ADDED from src/main/AndroidManifest.xml:39:9-40:45
	android:value
		ADDED from src/main/AndroidManifest.xml:40:13-43
	android:name
		ADDED from src/main/AndroidManifest.xml:39:20-74
activity#com.wizag.taxi.common.activities.chargeAccount.ChargeAccountActivity
ADDED from src/main/AndroidManifest.xml:41:9-105
	android:name
		ADDED from src/main/AndroidManifest.xml:41:19-102
activity#com.wizag.taxi.driver.activities.splash.SplashActivity
ADDED from src/main/AndroidManifest.xml:42:9-48:20
	android:name
		ADDED from src/main/AndroidManifest.xml:42:19-88
intent-filter#action:name:android.intent.action.MAIN+category:name:android.intent.category.LAUNCHER
ADDED from src/main/AndroidManifest.xml:43:13-47:29
action#android.intent.action.MAIN
ADDED from src/main/AndroidManifest.xml:44:17-69
	android:name
		ADDED from src/main/AndroidManifest.xml:44:25-66
category#android.intent.category.LAUNCHER
ADDED from src/main/AndroidManifest.xml:46:17-77
	android:name
		ADDED from src/main/AndroidManifest.xml:46:27-74
activity#com.wizag.taxi.driver.activities.main.MainActivity
ADDED from src/main/AndroidManifest.xml:49:9-189
	android:clearTaskOnLaunch
		ADDED from src/main/AndroidManifest.xml:49:117-149
	android:launchMode
		ADDED from src/main/AndroidManifest.xml:49:85-116
	android:alwaysRetainTaskState
		ADDED from src/main/AndroidManifest.xml:49:150-186
	android:name
		ADDED from src/main/AndroidManifest.xml:49:19-84
activity#com.wizag.taxi.driver.activities.profile.ProfileActivity
ADDED from src/main/AndroidManifest.xml:50:9-93
	android:name
		ADDED from src/main/AndroidManifest.xml:50:19-90
receiver#com.wizag.taxi.driver.services.BootCompletedReceiver
ADDED from src/main/AndroidManifest.xml:52:9-56:20
	android:name
		ADDED from src/main/AndroidManifest.xml:52:19-86
intent-filter#action:name:android.intent.action.BOOT_COMPLETED
ADDED from src/main/AndroidManifest.xml:53:13-55:29
action#android.intent.action.BOOT_COMPLETED
ADDED from src/main/AndroidManifest.xml:54:17-79
	android:name
		ADDED from src/main/AndroidManifest.xml:54:25-76
service#com.wizag.taxi.driver.services.DriverService
ADDED from src/main/AndroidManifest.xml:58:9-80
	android:name
		ADDED from src/main/AndroidManifest.xml:58:18-77
activity#com.cooltechworks.creditcarddesign.CardEditActivity
ADDED from src/main/AndroidManifest.xml:59:9-61:93
	android:screenOrientation
		ADDED from src/main/AndroidManifest.xml:61:13-49
	android:theme
		ADDED from src/main/AndroidManifest.xml:61:50-90
	android:name
		ADDED from src/main/AndroidManifest.xml:60:13-79
activity#com.wizag.taxi.driver.activities.travel.TravelActivity
ADDED from src/main/AndroidManifest.xml:62:9-128
	android:screenOrientation
		ADDED from src/main/AndroidManifest.xml:62:89-125
	android:name
		ADDED from src/main/AndroidManifest.xml:62:19-88
activity#com.yalantis.ucrop.UCropActivity
ADDED from src/main/AndroidManifest.xml:63:9-65:93
	android:screenOrientation
		ADDED from src/main/AndroidManifest.xml:65:13-49
	android:theme
		ADDED from src/main/AndroidManifest.xml:65:50-90
	android:name
		ADDED from src/main/AndroidManifest.xml:64:13-60
activity#com.gun0912.tedpermission.TedPermissionActivity
ADDED from src/main/AndroidManifest.xml:67:9-349
MERGED from [gun0912.ted:tedpermission:2.0.3] AndroidManifest.xml:10:9-14:67
MERGED from [gun0912.ted:tedpermission:2.0.3] AndroidManifest.xml:10:9-14:67
	android:screenOrientation
		ADDED from src/main/AndroidManifest.xml:67:214-253
		REJECTED from [gun0912.ted:tedpermission:2.0.3] AndroidManifest.xml:13:13-49
	android:configChanges
		ADDED from src/main/AndroidManifest.xml:67:82-213
	android:theme
		ADDED from src/main/AndroidManifest.xml:67:254-305
	tools:replace
		ADDED from src/main/AndroidManifest.xml:67:306-347
	android:name
		ADDED from src/main/AndroidManifest.xml:67:19-81
activity#com.wizag.taxi.driver.activities.statistics.StatisticsActivity
ADDED from src/main/AndroidManifest.xml:68:9-69:92
	android:name
		ADDED from src/main/AndroidManifest.xml:69:13-90
activity#com.wizag.taxi.driver.activities.about.AboutActivity
ADDED from src/main/AndroidManifest.xml:70:9-88
	android:name
		ADDED from src/main/AndroidManifest.xml:70:19-86
activity#com.wizag.taxi.common.activities.login.LoginActivity
ADDED from src/main/AndroidManifest.xml:71:9-88
	android:name
		ADDED from src/main/AndroidManifest.xml:71:19-86
uses-sdk
INJECTED from src/main/AndroidManifest.xml reason: use-sdk injection requested
INJECTED from src/main/AndroidManifest.xml
INJECTED from src/main/AndroidManifest.xml
MERGED from [:common] AndroidManifest.xml:7:5-9:41
MERGED from [:common] AndroidManifest.xml:7:5-9:41
MERGED from [com.android.databinding:adapters:3.1.3] AndroidManifest.xml:22:5-44
MERGED from [com.android.databinding:adapters:3.1.3] AndroidManifest.xml:22:5-44
MERGED from [com.android.databinding:library:3.1.3] AndroidManifest.xml:22:5-44
MERGED from [com.android.databinding:library:3.1.3] AndroidManifest.xml:22:5-44
MERGED from [com.crashlytics.sdk.android:crashlytics:2.9.1] AndroidManifest.xml:7:5-43
MERGED from [com.crashlytics.sdk.android:crashlytics:2.9.1] AndroidManifest.xml:7:5-43
MERGED from [com.diogobernardino:williamchart:2.5.0] AndroidManifest.xml:6:5-8:41
MERGED from [com.diogobernardino:williamchart:2.5.0] AndroidManifest.xml:6:5-8:41
MERGED from [com.google.firebase:firebase-core:15.0.0] AndroidManifest.xml:5:5-44
MERGED from [com.google.firebase:firebase-core:15.0.0] AndroidManifest.xml:5:5-44
MERGED from [com.android.support:multidex:1.0.3] AndroidManifest.xml:20:5-43
MERGED from [com.android.support:multidex:1.0.3] AndroidManifest.xml:20:5-43